F:\PROJEKTY\CPP\FTPCLIENT\DEBUG\STARTFILE.OBJ
F:\PROJEKTY\CPP\FTPCLIENT\DEBUG\VC110.PDB
F:\PROJEKTY\CPP\FTPCLIENT\DEBUG\CONTROLCONNECTIONMANAGER.OBJ
F:\PROJEKTY\CPP\FTPCLIENT\DEBUG\CONTROLEXCEPTIONMANAGER.OBJ
F:\PROJEKTY\CPP\FTPCLIENT\DEBUG\CONTROLMAIN.OBJ
F:\PROJEKTY\CPP\FTPCLIENT\DEBUG\CONTROLMAINEVENTSINTERFACE.OBJ
F:\PROJEKTY\CPP\FTPCLIENT\DEBUG\EXCEPTIONCONTAINER.OBJ
F:\PROJEKTY\CPP\FTPCLIENT\DEBUG\MODELCONNECTION.OBJ
F:\PROJEKTY\CPP\FTPCLIENT\DEBUG\MODELCONNECTIONINTERFACE.OBJ
F:\PROJEKTY\CPP\FTPCLIENT\DEBUG\MODELDAO.OBJ
F:\PROJEKTY\CPP\FTPCLIENT\DEBUG\MODELDAOINTERFACE.OBJ
F:\PROJEKTY\CPP\FTPCLIENT\DEBUG\VIEWGUIBUILDER.OBJ
F:\PROJEKTY\CPP\FTPCLIENT\DEBUG\VIEWGUIBUILDERINTERFACE.OBJ
F:\PROJEKTY\CPP\FTPCLIENT\DEBUG\FTPCLIENT.ILK
F:\PROJEKTY\CPP\FTPCLIENT\DEBUG\FTPCLIENT.EXE
F:\PROJEKTY\CPP\FTPCLIENT\DEBUG\FTPCLIENT.PDB
F:\projekty\CPP\FtpClient\Debug\ControlConnectionManager.obj
F:\projekty\CPP\FtpClient\Debug\ControlExceptionManager.obj
F:\projekty\CPP\FtpClient\Debug\ControlMain.obj
F:\projekty\CPP\FtpClient\Debug\ControlMainEventsInterface.obj
F:\projekty\CPP\FtpClient\Debug\ExceptionContainer.obj
F:\projekty\CPP\FtpClient\Debug\ModelConnection.obj
F:\projekty\CPP\FtpClient\Debug\ModelConnectionInterface.obj
F:\projekty\CPP\FtpClient\Debug\ModelDAO.obj
F:\projekty\CPP\FtpClient\Debug\ModelDAOInterface.obj
F:\projekty\CPP\FtpClient\Debug\startFile.obj
F:\projekty\CPP\FtpClient\Debug\ViewGuiBuilder.obj
F:\projekty\CPP\FtpClient\Debug\ViewGuiBuilderInterface.obj
F:\projekty\CPP\FtpClient\Debug\FtpClient.ilk
F:\projekty\CPP\FtpClient\Debug\cl.command.1.tlog
F:\projekty\CPP\FtpClient\Debug\CL.read.1.tlog
F:\projekty\CPP\FtpClient\Debug\CL.write.1.tlog
F:\projekty\CPP\FtpClient\Debug\link-cvtres.read.1.tlog
F:\projekty\CPP\FtpClient\Debug\link-cvtres.write.1.tlog
F:\projekty\CPP\FtpClient\Debug\link-rc.read.1.tlog
F:\projekty\CPP\FtpClient\Debug\link-rc.write.1.tlog
F:\projekty\CPP\FtpClient\Debug\link.4840-cvtres.read.1.tlog
F:\projekty\CPP\FtpClient\Debug\link.4840-cvtres.write.1.tlog
F:\projekty\CPP\FtpClient\Debug\link.4840-rc.read.1.tlog
F:\projekty\CPP\FtpClient\Debug\link.4840-rc.write.1.tlog
F:\projekty\CPP\FtpClient\Debug\link.4840.read.1.tlog
F:\projekty\CPP\FtpClient\Debug\link.4840.write.1.tlog
F:\projekty\CPP\FtpClient\Debug\link.5488-cvtres.read.1.tlog
F:\projekty\CPP\FtpClient\Debug\link.5488-cvtres.write.1.tlog
F:\projekty\CPP\FtpClient\Debug\link.5488-rc.read.1.tlog
F:\projekty\CPP\FtpClient\Debug\link.5488-rc.write.1.tlog
F:\projekty\CPP\FtpClient\Debug\link.5488.read.1.tlog
F:\projekty\CPP\FtpClient\Debug\link.5488.write.1.tlog
F:\projekty\CPP\FtpClient\Debug\link.6000-cvtres.read.1.tlog
F:\projekty\CPP\FtpClient\Debug\link.6000-cvtres.write.1.tlog
F:\projekty\CPP\FtpClient\Debug\link.6000-rc.read.1.tlog
F:\projekty\CPP\FtpClient\Debug\link.6000-rc.write.1.tlog
F:\projekty\CPP\FtpClient\Debug\link.6000.read.1.tlog
F:\projekty\CPP\FtpClient\Debug\link.6000.write.1.tlog
F:\projekty\CPP\FtpClient\Debug\link.6488-cvtres.read.1.tlog
F:\projekty\CPP\FtpClient\Debug\link.6488-cvtres.write.1.tlog
F:\projekty\CPP\FtpClient\Debug\link.6488-rc.read.1.tlog
F:\projekty\CPP\FtpClient\Debug\link.6488-rc.write.1.tlog
F:\projekty\CPP\FtpClient\Debug\link.6488.read.1.tlog
F:\projekty\CPP\FtpClient\Debug\link.6488.write.1.tlog
F:\projekty\CPP\FtpClient\Debug\link.9576-cvtres.read.1.tlog
F:\projekty\CPP\FtpClient\Debug\link.9576-cvtres.write.1.tlog
F:\projekty\CPP\FtpClient\Debug\link.9576-rc.read.1.tlog
F:\projekty\CPP\FtpClient\Debug\link.9576-rc.write.1.tlog
F:\projekty\CPP\FtpClient\Debug\link.9576.read.1.tlog
F:\projekty\CPP\FtpClient\Debug\link.9576.write.1.tlog
F:\projekty\CPP\FtpClient\Debug\link.9980-cvtres.read.1.tlog
F:\projekty\CPP\FtpClient\Debug\link.9980-cvtres.write.1.tlog
F:\projekty\CPP\FtpClient\Debug\link.9980-rc.read.1.tlog
F:\projekty\CPP\FtpClient\Debug\link.9980-rc.write.1.tlog
F:\projekty\CPP\FtpClient\Debug\link.9980.read.1.tlog
F:\projekty\CPP\FtpClient\Debug\link.9980.write.1.tlog
F:\projekty\CPP\FtpClient\Debug\link.command.1.tlog
F:\projekty\CPP\FtpClient\Debug\link.read.1.tlog
F:\projekty\CPP\FtpClient\Debug\link.write.1.tlog
F:\projekty\CPP\FtpClient\Debug\vc110.idb
F:\projekty\CPP\FtpClient\Debug\FtpClient.pdb
F:\projekty\CPP\FtpClient\Debug\vc110.pdb
F:\projekty\CPP\FtpClient\Debug\FtpClient.exe
